<?xml version="1.0" encoding="UTF-8"?>
<!-- Generated by org.testng.reporters.JUnitXMLReporter -->
<testsuite ignored="6" hostname="DESKTOP-REU0ODK" failures="0" tests="4" name="Test" time="0.121" errors="0" timestamp="2022-06-26T07:45:05 IST">
  <testcase classname="testNG_Grouping_study.myMetgod1" name="TC1" time="0.014"/>
  <testcase classname="testNG_Grouping_study.myMetgod1" name="TC4" time="0.001"/>
  <testcase classname="testNG_Grouping_study.myMethod2" name="TestCase2" time="0.004"/>
  <testcase classname="testNG_Grouping_study.myMethod2" name="TestCase5" time="0.002"/>
  <testcase classname="testNG_Grouping_study.myMetgod1" name="TC5" time="0.0">
    <ignored/>
  </testcase> <!-- TC5 -->
  <testcase classname="testNG_Grouping_study.myMethod2" name="TestCase4" time="0.0">
    <ignored/>
  </testcase> <!-- TestCase4 -->
  <testcase classname="testNG_Grouping_study.myMethod2" name="TestCase3" time="0.0">
    <ignored/>
  </testcase> <!-- TestCase3 -->
  <testcase classname="testNG_Grouping_study.myMetgod1" name="TC3" time="0.0">
    <ignored/>
  </testcase> <!-- TC3 -->
  <testcase classname="testNG_Grouping_study.myMetgod1" name="TC2" time="0.0">
    <ignored/>
  </testcase> <!-- TC2 -->
  <testcase classname="testNG_Grouping_study.myMethod2" name="TestCase1" time="0.0">
    <ignored/>
  </testcase> <!-- TestCase1 -->
</testsuite> <!-- Test -->
